<?xml version="1.0" encoding="UTF-8" ?>
<testsuite errors="0" failures="0" name="gov.nih.nci.coppa.services.person.test.TestPersonService" tests="1" time="5.171">
  <properties>
[...]
</properties>
  <testcase classname="gov.nih.nci.coppa.services.person.test.TestPersonService" name="testCreatePerson" time="4.937"></testcase>
  <system-out><![CDATA[2009-01-19 21:56:43,750 DEBUG test.TestPersonService [main,<clinit>:36] url is:{coppa.services.url=http://localhost:8082/wsrf/services/cagrid/CoppaPersonService}
2009-01-19 21:56:43,984 DEBUG test.TestPersonService [main,setUp:44] url is:http://localhost:8082/wsrf/services/cagrid/CoppaPersonService
2009-01-19 21:56:44,281 WARN  utils.JavaUtils [main,isAttachmentSupported:1218] Unable to find required classes (javax.activation.DataHandler and javax.mail.internet.MimeMultipart). Attachment support is disabled.
2009-01-19 21:56:48,906 DEBUG test.TestPersonService [main,testCreatePerson:192] <ns1:Ii xmlns:ns1="http://isodatatypes.coppa.nci.nih.gov">
 <displayable>true</displayable>
 <extension>9176</extension>
 <identifierName>NCI person entity identifier</identifierName>
 <reliability>ISS</reliability>
 <root>UID.for.nci.entity.person</root>
 <scope>OBJ</scope>
</ns1:Ii>

]]></system-out>
  <system-err><![CDATA[]]></system-err>
</testsuite>
